[20:57:32] [Server thread/INFO]: Starting minecraft server version 1.12.2
[20:57:32] [Server thread/INFO]: Loading properties
[20:57:32] [Server thread/INFO]: Default game type: SURVIVAL
[20:57:32] [Server thread/INFO]: This server is running CraftBukkit version git-Spigot-3d850ec-809c399 (MC: 1.12.2) (Implementing API version 1.12.2-R0.1-SNAPSHOT)
[20:57:32] [Server thread/INFO]: Debug logging is disabled
[20:57:32] [Server thread/INFO]: Server Ping Player Sample Count: 12
[20:57:32] [Server thread/INFO]: Using 4 threads for Netty based IO
[20:57:32] [Server thread/INFO]: Generating keypair
[20:57:33] [Server thread/INFO]: Starting Minecraft server on *:25565
[20:57:33] [Server thread/INFO]: Using default channel type
[20:57:33] [Server thread/INFO]: Set PluginClassLoader as parallel capable
[20:57:33] [Server thread/INFO]: [WorldEdit] Loading WorldEdit v6.1.7;dd00bb1
[20:57:33] [Server thread/INFO]: [Vault] Loading Vault v1.5.6-b49
[20:57:33] [Server thread/INFO]: [ASkyBlock] Loading ASkyBlock v3.0.8.8
[20:57:33] [Server thread/INFO]: [Essentials] Loading Essentials v2.15.0.16
[20:57:33] [Server thread/INFO]: [Multiverse-Core] Loading Multiverse-Core v2.5-b719
[20:57:33] [Server thread/INFO]: [Vault] Enabling Vault v1.5.6-b49
[20:57:33] [Server thread/INFO]: [Vault] [Economy] Essentials Economy found: Waiting
[20:57:33] [Server thread/INFO]: [Vault] [Permission] SuperPermissions loaded as backup permission system.
[20:57:33] [Server thread/INFO]: [Vault] Enabled Version 1.5.6-b49
[20:57:33] [Server thread/INFO]: [ASkyBlock] Enabling ASkyBlock v3.0.8.8
[20:57:33] [Server thread/INFO]: [ASkyBlock] Loading entity limits
[20:57:33] [Server thread/INFO]: [ASkyBlock] HOPPER will be limited to 30
[20:57:33] [Server thread/INFO]: [ASkyBlock] Loaded default island schematic.
[20:57:33] [Server thread/INFO]: [ASkyBlock] Loaded default nether schematic.
[20:57:33] [Server thread/INFO]: [ASkyBlock] Loading schematic The Original (island.schematic) for all players, order 1
[20:57:33] [Server thread/INFO]: [ASkyBlock] Loading schematic NetherBlock Island (nether.schematic) for all players, order 0
[20:57:33] [Server thread/INFO]: [ASkyBlock] Loading schematic Island Duo (double.schematic) for all players, order 2
[20:57:33] [Server thread/INFO]: [ASkyBlock] Loading schematic §lBlack §bDiamonds (harder.schematic) for all players, order 3
[20:57:33] [Server thread/INFO]: [ASkyBlock] Loading offline messages...
[20:57:33] [Server thread/INFO]: **** Beginning UUID conversion, this may take A LONG time ****
[20:57:33] [Server thread/INFO]: Preparing level "world"
[20:57:33] [Server thread/INFO]: -------- World Settings For [world] --------
[20:57:33] [Server thread/INFO]: Item Despawn Rate: 6000
[20:57:33] [Server thread/INFO]: Item Merge Radius: 2.5
[20:57:33] [Server thread/INFO]: View Distance: 10
[20:57:33] [Server thread/INFO]: Nerfing mobs spawned from spawners: false
[20:57:33] [Server thread/INFO]: Mob Spawn Range: 4
[20:57:33] [Server thread/INFO]: Arrow Despawn Rate: 1200
[20:57:33] [Server thread/INFO]: Allow Zombie Pigmen to spawn from portal blocks: true
[20:57:33] [Server thread/INFO]: Experience Merge Radius: 3.0
[20:57:33] [Server thread/INFO]: Zombie Aggressive Towards Villager: true
[20:57:33] [Server thread/INFO]: Cactus Growth Modifier: 100%
[20:57:33] [Server thread/INFO]: Cane Growth Modifier: 100%
[20:57:33] [Server thread/INFO]: Melon Growth Modifier: 100%
[20:57:33] [Server thread/INFO]: Mushroom Growth Modifier: 100%
[20:57:33] [Server thread/INFO]: Pumpkin Growth Modifier: 100%
[20:57:33] [Server thread/INFO]: Sapling Growth Modifier: 100%
[20:57:33] [Server thread/INFO]: Wheat Growth Modifier: 100%
[20:57:33] [Server thread/INFO]: NetherWart Growth Modifier: 100%
[20:57:33] [Server thread/INFO]: Vine Growth Modifier: 100%
[20:57:33] [Server thread/INFO]: Cocoa Growth Modifier: 100%
[20:57:33] [Server thread/INFO]: Entity Activation Range: An 32 / Mo 32 / Mi 16
[20:57:33] [Server thread/INFO]: Entity Tracking Range: Pl 48 / An 48 / Mo 48 / Mi 32 / Other 64
[20:57:33] [Server thread/INFO]: Hopper Transfer: 8 Hopper Check: 1 Hopper Amount: 1
[20:57:33] [Server thread/INFO]: Random Lighting Updates: false
[20:57:33] [Server thread/INFO]: Structure Info Saving: true
[20:57:33] [Server thread/INFO]: Custom Map Seeds:  Village: 10387312 Feature: 14357617 Monument: 10387313 Slime: 987234911
[20:57:33] [Server thread/INFO]: Max TNT Explosions: 100
[20:57:33] [Server thread/INFO]: Tile Max Tick Time: 50ms Entity max Tick Time: 50ms
[20:57:34] [Server thread/INFO]: -------- World Settings For [world_nether] --------
[20:57:34] [Server thread/INFO]: Item Despawn Rate: 6000
[20:57:34] [Server thread/INFO]: Item Merge Radius: 2.5
[20:57:34] [Server thread/INFO]: View Distance: 10
[20:57:34] [Server thread/INFO]: Nerfing mobs spawned from spawners: false
[20:57:34] [Server thread/INFO]: Mob Spawn Range: 4
[20:57:34] [Server thread/INFO]: Arrow Despawn Rate: 1200
[20:57:34] [Server thread/INFO]: Allow Zombie Pigmen to spawn from portal blocks: true
[20:57:34] [Server thread/INFO]: Experience Merge Radius: 3.0
[20:57:34] [Server thread/INFO]: Zombie Aggressive Towards Villager: true
[20:57:34] [Server thread/INFO]: Cactus Growth Modifier: 100%
[20:57:34] [Server thread/INFO]: Cane Growth Modifier: 100%
[20:57:34] [Server thread/INFO]: Melon Growth Modifier: 100%
[20:57:34] [Server thread/INFO]: Mushroom Growth Modifier: 100%
[20:57:34] [Server thread/INFO]: Pumpkin Growth Modifier: 100%
[20:57:34] [Server thread/INFO]: Sapling Growth Modifier: 100%
[20:57:34] [Server thread/INFO]: Wheat Growth Modifier: 100%
[20:57:34] [Server thread/INFO]: NetherWart Growth Modifier: 100%
[20:57:34] [Server thread/INFO]: Vine Growth Modifier: 100%
[20:57:34] [Server thread/INFO]: Cocoa Growth Modifier: 100%
[20:57:34] [Server thread/INFO]: Entity Activation Range: An 32 / Mo 32 / Mi 16
[20:57:34] [Server thread/INFO]: Entity Tracking Range: Pl 48 / An 48 / Mo 48 / Mi 32 / Other 64
[20:57:34] [Server thread/INFO]: Hopper Transfer: 8 Hopper Check: 1 Hopper Amount: 1
[20:57:34] [Server thread/INFO]: Random Lighting Updates: false
[20:57:34] [Server thread/INFO]: Structure Info Saving: true
[20:57:34] [Server thread/INFO]: Custom Map Seeds:  Village: 10387312 Feature: 14357617 Monument: 10387313 Slime: 987234911
[20:57:34] [Server thread/INFO]: Max TNT Explosions: 100
[20:57:34] [Server thread/INFO]: Tile Max Tick Time: 50ms Entity max Tick Time: 50ms
[20:57:34] [Server thread/INFO]: -------- World Settings For [world_the_end] --------
[20:57:34] [Server thread/INFO]: Item Despawn Rate: 6000
[20:57:34] [Server thread/INFO]: Item Merge Radius: 2.5
[20:57:34] [Server thread/INFO]: View Distance: 10
[20:57:34] [Server thread/INFO]: Nerfing mobs spawned from spawners: false
[20:57:34] [Server thread/INFO]: Mob Spawn Range: 4
[20:57:34] [Server thread/INFO]: Arrow Despawn Rate: 1200
[20:57:34] [Server thread/INFO]: Allow Zombie Pigmen to spawn from portal blocks: true
[20:57:34] [Server thread/INFO]: Experience Merge Radius: 3.0
[20:57:34] [Server thread/INFO]: Zombie Aggressive Towards Villager: true
[20:57:34] [Server thread/INFO]: Cactus Growth Modifier: 100%
[20:57:34] [Server thread/INFO]: Cane Growth Modifier: 100%
[20:57:34] [Server thread/INFO]: Melon Growth Modifier: 100%
[20:57:34] [Server thread/INFO]: Mushroom Growth Modifier: 100%
[20:57:34] [Server thread/INFO]: Pumpkin Growth Modifier: 100%
[20:57:34] [Server thread/INFO]: Sapling Growth Modifier: 100%
[20:57:34] [Server thread/INFO]: Wheat Growth Modifier: 100%
[20:57:34] [Server thread/INFO]: NetherWart Growth Modifier: 100%
[20:57:34] [Server thread/INFO]: Vine Growth Modifier: 100%
[20:57:34] [Server thread/INFO]: Cocoa Growth Modifier: 100%
[20:57:34] [Server thread/INFO]: Entity Activation Range: An 32 / Mo 32 / Mi 16
[20:57:34] [Server thread/INFO]: Entity Tracking Range: Pl 48 / An 48 / Mo 48 / Mi 32 / Other 64
[20:57:34] [Server thread/INFO]: Hopper Transfer: 8 Hopper Check: 1 Hopper Amount: 1
[20:57:34] [Server thread/INFO]: Random Lighting Updates: false
[20:57:34] [Server thread/INFO]: Structure Info Saving: true
[20:57:34] [Server thread/INFO]: Custom Map Seeds:  Village: 10387312 Feature: 14357617 Monument: 10387313 Slime: 987234911
[20:57:34] [Server thread/INFO]: Max TNT Explosions: 100
[20:57:34] [Server thread/INFO]: Tile Max Tick Time: 50ms Entity max Tick Time: 50ms
[20:57:34] [Server thread/INFO]: Preparing start region for level 0 (Seed: 7225811929325879434)
[20:57:35] [Server thread/INFO]: Preparing spawn area: 60%
[20:57:35] [Server thread/INFO]: Preparing start region for level 1 (Seed: 7225811929325879434)
[20:57:36] [Server thread/INFO]: Preparing start region for level 2 (Seed: 7225811929325879434)
[20:57:36] [Server thread/INFO]: [WorldEdit] Enabling WorldEdit v6.1.7;dd00bb1
[20:57:36] [Server thread/INFO]: WEPIF: Using the Bukkit Permissions API.
[20:57:36] [Server thread/INFO]: [WorldEdit] Using com.sk89q.worldedit.bukkit.adapter.impl.Spigot_v1_12_R1 as the Bukkit adapter
[20:57:36] [Server thread/INFO]: [Essentials] Enabling Essentials v2.15.0.16
[20:57:36] [Server thread/INFO]: Attempting to convert old kits in config.yml to new kits.yml
[20:57:36] [Server thread/INFO]: No kits found to migrate.
[20:57:36] [Server thread/INFO]: [Essentials] Using 1.8.3+ BlockStateMeta provider as mob spawner provider.
[20:57:36] [Server thread/INFO]: [Essentials] Using Reflection based provider as spawn egg provider.
[20:57:36] [Server thread/INFO]: [Essentials] Using 1.9+ BasePotionData provider as potion meta provider.
[20:57:37] [Server thread/INFO]: Using locale en_US
[20:57:37] [Server thread/INFO]: [Essentials] Using Spigot 1.7.10+ ServerListPingEvent iterator
[20:57:37] [Server thread/INFO]: [Essentials] Starting Metrics. Opt-out using the global bStats config.
[20:57:37] [Server thread/INFO]: [Vault][Economy] Essentials Economy hooked.
[20:57:37] [Server thread/INFO]: [Essentials] Using superperms-based permissions.
[20:57:37] [Server thread/INFO]: [Multiverse-Core] Enabling Multiverse-Core v2.5-b719
[20:57:37] [Server thread/WARN]: [Multiverse-Core] Cannot load worlds.yml
[20:57:37] [Server thread/INFO]: [Multiverse-Core] Loading World & Settings - 'world' - Env: NORMAL - Type: NORMAL & seed: 7225811929325879434
[20:57:37] [Server thread/WARN]: [Multiverse-Core] Spawn location from world.dat file was unsafe. Adjusting...
[20:57:37] [Server thread/WARN]: [Multiverse-Core] Original Location: X: -220 Y: 64 Z: 256 P: 0 Y: 0 
[20:57:37] [Server thread/INFO]: [Multiverse-Core] New Spawn for 'world' is located at: world:-223.50,64.00,256.50:0.00:0.00
[20:57:37] [Server thread/INFO]: [Multiverse-Core] Loading World & Settings - 'world_nether' - Env: NETHER - Type: NORMAL & seed: 7225811929325879434
[20:57:37] [Server thread/WARN]: [Multiverse-Core] Spawn location from world.dat file was unsafe. Adjusting...
[20:57:37] [Server thread/WARN]: [Multiverse-Core] Original Location: X: 0 Y: 0 Z: 0 P: 0 Y: 0 
[20:57:37] [Server thread/INFO]: [Multiverse-Core] New Spawn for 'world_nether' is located at: world_nether:0.00,66.00,0.00:0.00:0.00
[20:57:37] [Server thread/INFO]: [Multiverse-Core] Loading World & Settings - 'world_the_end' - Env: THE_END - Type: NORMAL & seed: 7225811929325879434
[20:57:37] [Server thread/WARN]: [Multiverse-Core] Spawn location from world.dat file was unsafe. Adjusting...
[20:57:37] [Server thread/WARN]: [Multiverse-Core] Original Location: X: 0 Y: 0 Z: 0 P: 0 Y: 0 
[20:57:37] [Server thread/INFO]: [Multiverse-Core] New Spawn for 'world_the_end' is located at: world_the_end:0.00,63.00,0.00:0.00:0.00
[20:57:37] [Server thread/INFO]: [Multiverse-Core] 3 - World(s) loaded.
[20:57:37] [Server thread/INFO]: [Multiverse-Core] Version 2.5-b719 (API v20) Enabled - By Rigby, fernferret, lithium3141 and main--
[20:57:37] [Server thread/INFO]: Server permissions file permissions.yml is empty, ignoring it
[20:57:37] [Server thread/INFO]: Done (3.521s)! For help, type "help" or "?"
[20:57:37] [Server thread/INFO]: -------- World Settings For [ASkyBlock] --------
[20:57:37] [Server thread/INFO]: Item Despawn Rate: 6000
[20:57:37] [Server thread/INFO]: Item Merge Radius: 2.5
[20:57:37] [Server thread/INFO]: View Distance: 10
[20:57:37] [Server thread/INFO]: Nerfing mobs spawned from spawners: false
[20:57:37] [Server thread/INFO]: Mob Spawn Range: 4
[20:57:37] [Server thread/INFO]: Arrow Despawn Rate: 1200
[20:57:37] [Server thread/INFO]: Allow Zombie Pigmen to spawn from portal blocks: true
[20:57:37] [Server thread/INFO]: Experience Merge Radius: 3.0
[20:57:37] [Server thread/INFO]: Zombie Aggressive Towards Villager: true
[20:57:37] [Server thread/INFO]: Cactus Growth Modifier: 100%
[20:57:37] [Server thread/INFO]: Cane Growth Modifier: 100%
[20:57:37] [Server thread/INFO]: Melon Growth Modifier: 100%
[20:57:37] [Server thread/INFO]: Mushroom Growth Modifier: 100%
[20:57:37] [Server thread/INFO]: Pumpkin Growth Modifier: 100%
[20:57:37] [Server thread/INFO]: Sapling Growth Modifier: 100%
[20:57:37] [Server thread/INFO]: Wheat Growth Modifier: 100%
[20:57:37] [Server thread/INFO]: NetherWart Growth Modifier: 100%
[20:57:37] [Server thread/INFO]: Vine Growth Modifier: 100%
[20:57:37] [Server thread/INFO]: Cocoa Growth Modifier: 100%
[20:57:37] [Server thread/INFO]: Entity Activation Range: An 32 / Mo 32 / Mi 16
[20:57:37] [Server thread/INFO]: Entity Tracking Range: Pl 48 / An 48 / Mo 48 / Mi 32 / Other 64
[20:57:37] [Server thread/INFO]: Hopper Transfer: 8 Hopper Check: 1 Hopper Amount: 1
[20:57:37] [Server thread/INFO]: Random Lighting Updates: false
[20:57:37] [Server thread/INFO]: Structure Info Saving: true
[20:57:37] [Server thread/INFO]: Custom Map Seeds:  Village: 10387312 Feature: 14357617 Monument: 10387313 Slime: 987234911
[20:57:37] [Server thread/INFO]: Max TNT Explosions: 100
[20:57:37] [Server thread/INFO]: Tile Max Tick Time: 50ms Entity max Tick Time: 50ms
[20:57:37] [Server thread/INFO]: Preparing start region for level 3 (Seed: -2655945855278900481)
[20:57:37] [Server thread/INFO]: Creating ASkyBlock's Nether...
[20:57:37] [Server thread/INFO]: -------- World Settings For [ASkyBlock_nether] --------
[20:57:37] [Server thread/INFO]: Item Despawn Rate: 6000
[20:57:37] [Server thread/INFO]: Item Merge Radius: 2.5
[20:57:37] [Server thread/INFO]: View Distance: 10
[20:57:37] [Server thread/INFO]: Nerfing mobs spawned from spawners: false
[20:57:37] [Server thread/INFO]: Mob Spawn Range: 4
[20:57:37] [Server thread/INFO]: Arrow Despawn Rate: 1200
[20:57:37] [Server thread/INFO]: Allow Zombie Pigmen to spawn from portal blocks: true
[20:57:37] [Server thread/INFO]: Experience Merge Radius: 3.0
[20:57:37] [Server thread/INFO]: Zombie Aggressive Towards Villager: true
[20:57:37] [Server thread/INFO]: Cactus Growth Modifier: 100%
[20:57:37] [Server thread/INFO]: Cane Growth Modifier: 100%
[20:57:37] [Server thread/INFO]: Melon Growth Modifier: 100%
[20:57:37] [Server thread/INFO]: Mushroom Growth Modifier: 100%
[20:57:37] [Server thread/INFO]: Pumpkin Growth Modifier: 100%
[20:57:37] [Server thread/INFO]: Sapling Growth Modifier: 100%
[20:57:37] [Server thread/INFO]: Wheat Growth Modifier: 100%
[20:57:37] [Server thread/INFO]: NetherWart Growth Modifier: 100%
[20:57:37] [Server thread/INFO]: Vine Growth Modifier: 100%
[20:57:37] [Server thread/INFO]: Cocoa Growth Modifier: 100%
[20:57:37] [Server thread/INFO]: Entity Activation Range: An 32 / Mo 32 / Mi 16
[20:57:37] [Server thread/INFO]: Entity Tracking Range: Pl 48 / An 48 / Mo 48 / Mi 32 / Other 64
[20:57:37] [Server thread/INFO]: Hopper Transfer: 8 Hopper Check: 1 Hopper Amount: 1
[20:57:37] [Server thread/INFO]: Random Lighting Updates: false
[20:57:37] [Server thread/INFO]: Structure Info Saving: true
[20:57:37] [Server thread/INFO]: Custom Map Seeds:  Village: 10387312 Feature: 14357617 Monument: 10387313 Slime: 987234911
[20:57:37] [Server thread/INFO]: Max TNT Explosions: 100
[20:57:37] [Server thread/INFO]: Tile Max Tick Time: 50ms Entity max Tick Time: 50ms
[20:57:37] [Server thread/INFO]: Preparing start region for level 4 (Seed: 6564210043388891425)
[20:57:37] [Server thread/INFO]: Trying to register generator with Multiverse 
[20:57:37] [Server thread/INFO]: CONSOLE: Starting import of world 'ASkyBlock'...[m
[20:57:37] [Server thread/INFO]: [Multiverse-Core] Loading World & Settings - 'ASkyBlock' - Env: NORMAL - Type: null & generator: ASkyBlock
[20:57:37] [Server thread/WARN]: [Multiverse-Core] Spawn location from world.dat file was unsafe. Adjusting...
[20:57:37] [Server thread/WARN]: [Multiverse-Core] Original Location: X: -172 Y: 4 Z: -195 P: 0 Y: 0 
[20:57:37] [Server thread/INFO]: [Multiverse-Core] New Spawn for 'ASkyBlock' is located at: ASkyBlock:0.00,127.00,0.00:0.00:0.00
[20:57:38] [Server thread/INFO]: CONSOLE: [0;32;1mComplete![m
[20:57:38] [Server thread/INFO]: [0;32;1mSuccess![0;37;1m Property [0;36;1mgenerator[0;37;1m was set to [0;32;1mASkyBlock[m
[20:57:38] [Server thread/INFO]: CONSOLE: Starting import of world 'ASkyBlock_nether'...[m
[20:57:38] [Server thread/INFO]: [Multiverse-Core] Loading World & Settings - 'ASkyBlock_nether' - Env: NETHER - Type: null & generator: ASkyBlock
[20:57:38] [Server thread/WARN]: [Multiverse-Core] Spawn location from world.dat file was unsafe. Adjusting...
[20:57:38] [Server thread/WARN]: [Multiverse-Core] Original Location: X: 0 Y: 4 Z: 0 P: 0 Y: 0 
[20:57:38] [Server thread/INFO]: [Multiverse-Core] New Spawn for 'ASkyBlock_nether' is located at: ASkyBlock_nether:0.00,117.00,0.00:0.00:0.00
[20:57:38] [Server thread/INFO]: CONSOLE: [0;32;1mComplete![m
[20:57:38] [Server thread/INFO]: [0;32;1mSuccess![0;37;1m Property [0;36;1mgenerator[0;37;1m was set to [0;32;1mASkyBlock[m
[20:57:38] [Server thread/INFO]: [ASkyBlock] Silencing command feedback for Ops...
[20:57:38] [Server thread/INFO]: Game rule sendCommandFeedback has been updated to false
[20:57:38] [Server thread/INFO]: [ASkyBlock] If you do not want this, do /gamerule sendCommandFeedback true
[20:57:38] [Server thread/INFO]: [ASkyBlock] Checking for new updates...
[20:57:38] [Craft Scheduler Thread - 5/INFO]: [Vault] Checking for Updates ... 
[20:57:38] [Server thread/INFO]: [ASkyBlock] Loading island grid...
[20:57:38] [Server thread/INFO]: [ASkyBlock] Loading islands.yml
[20:57:38] [Server thread/INFO]: [ASkyBlock] Loading warps...
[20:57:38] [Server thread/INFO]: [ASkyBlock] Loading warp panel...
[20:57:38] [Server thread/INFO]: [ASkyBlock] Loading Top Ten
[20:57:38] [Server thread/INFO]: [ASkyBlock] All files loaded. Ready to play...
[20:57:38] [Server thread/INFO]: [ASkyBlock] Metrics loaded.
[20:57:39] [Server thread/INFO]: [ASkyBlock] No update available.
[20:57:39] [Craft Scheduler Thread - 5/INFO]: [Vault] No new version available
[20:58:07] [User Authenticator #1/INFO]: UUID of player hissing_snacks is a824ab2e-3450-4f38-8636-e58462e719d4
[20:58:07] [Server thread/INFO]: hissing_snacks[/127.0.0.1:53961] logged in with entity id 282 at ([ASkyBlock]-1.1943070658276334, 125.0, -0.46047578246889)
[20:58:13] [Async Chat Thread - #0/INFO]: [[0;37;1mASkyBlock[0;37;1m]<[0;31;22mhissing_snacks[m> hi[m
[20:58:29] [Server thread/INFO]: hissing_snacks issued server command: /mvtp
[20:58:39] [Server thread/INFO]: hissing_snacks issued server command: /mv
[20:58:45] [Server thread/INFO]: hissing_snacks issued server command: /mv list
[21:19:33] [Server thread/INFO]: Stopping the server
[21:19:33] [Server thread/INFO]: Stopping server
[21:19:33] [Server thread/INFO]: [Multiverse-Core] Disabling Multiverse-Core v2.5-b719
[21:19:33] [Server thread/INFO]: [Essentials] Disabling Essentials v2.15.0.16
[21:19:33] [Server thread/INFO]: [Vault][Economy] Essentials Economy unhooked.
[21:19:33] [Server thread/INFO]: [ASkyBlock] Disabling ASkyBlock v3.0.8.8
[21:19:33] [Server thread/INFO]: [ASkyBlock] Saving offline messages...
[21:19:33] [Server thread/INFO]: [Vault] Disabling Vault v1.5.6-b49
[21:19:33] [Server thread/INFO]: [WorldEdit] Disabling WorldEdit v6.1.7;dd00bb1
[21:19:33] [Server thread/INFO]: Saving players
[21:19:33] [Server thread/INFO]: hissing_snacks lost connection: Server closed
[21:19:33] [Server thread/INFO]: hissing_snacks left the game
[21:19:33] [Server thread/INFO]: Saving worlds
[21:19:33] [Server thread/INFO]: Saving chunks for level 'world'/overworld
[21:19:33] [Server thread/INFO]: Saving chunks for level 'world_nether'/the_nether
[21:19:33] [Server thread/INFO]: Saving chunks for level 'world_the_end'/the_end
[21:19:33] [Server thread/INFO]: Saving chunks for level 'ASkyBlock'/overworld
[21:19:33] [Server thread/INFO]: Saving chunks for level 'ASkyBlock_nether'/the_nether
